{
  "RSpec": {
    "coverage": {
      "/Users/loureade/coding/code_review/spec/school_report_spec.rb": {
        "lines": [
          1,
          null,
          1,
          7,
          null,
          1,
          1,
          1,
          1,
          null,
          null,
          1,
          1,
          1,
          1,
          null,
          null,
          1,
          1,
          1,
          1,
          null,
          null,
          1,
          1,
          1,
          1,
          null,
          null,
          1,
          1,
          1,
          1,
          null,
          null,
          1,
          1,
          null,
          null
        ]
      },
      "/Users/loureade/coding/code_review/lib/school_report.rb": {
        "lines": [
          1,
          null,
          1,
          6,
          6,
          6,
          null,
          null,
          1,
          5,
          5,
          null,
          null,
          1,
          5,
          null,
          5,
          10,
          6,
          4,
          2,
          2,
          2,
          null,
          null,
          null,
          null,
          1,
          5,
          5,
          5,
          null,
          null,
          1,
          5,
          5,
          null,
          null
        ]
      }
    },
    "timestamp": 1620333232
  }
}
